c:\pminspect_20181210\pminspect\x64\debug\pminspect.pch
c:\pminspect_20181210\pminspect\x64\debug\vc140.pdb
c:\pminspect_20181210\pminspect\x64\debug\vc140.idb
c:\pminspect_20181210\pminspect\x64\debug\stdafx.obj
c:\pminspect_20181210\pminspect\x64\debug\atf_ooa.obj
c:\pminspect_20181210\pminspect\x64\debug\epp.obj
c:\pminspect_20181210\pminspect\x64\debug\llc.obj
c:\pminspect_20181210\pminspect\x64\debug\logger.obj
c:\pminspect_20181210\pminspect\x64\debug\tserial.obj
c:\pminspect_20181210\pminspect\x64\debug\ui_cmd.obj
c:\pminspect_20181210\pminspect\x64\debug\define.obj
c:\pminspect_20181210\pminspect\x64\debug\imgalign.obj
c:\pminspect_20181210\pminspect\x64\debug\milctrl.obj
c:\pminspect_20181210\pminspect\x64\debug\axis.obj
c:\pminspect_20181210\pminspect\x64\debug\motion.obj
c:\pminspect_20181210\pminspect\x64\debug\msgbox.obj
c:\pminspect_20181210\pminspect\x64\debug\paramanager.obj
c:\pminspect_20181210\pminspect\x64\debug\prsptnfinder.obj
c:\pminspect_20181210\pminspect\x64\debug\pylonctrl.obj
c:\pminspect_20181210\pminspect\x64\debug\serialport.obj
c:\pminspect_20181210\pminspect\x64\debug\visionmodule.obj
c:\pminspect_20181210\pminspect\x64\debug\wnddisphalcon.obj
c:\pminspect_20181210\pminspect\x64\debug\pminspect.obj
c:\pminspect_20181210\pminspect\x64\debug\pminspectdlg.obj
c:\pminspect_20181210\pminspect\x64\debug\alignmanager.obj
c:\pminspect_20181210\pminspect\x64\debug\dialogalarm.obj
c:\pminspect_20181210\pminspect\x64\debug\dialogaxismanage.obj
c:\pminspect_20181210\pminspect\x64\debug\dialogdispalign.obj
c:\pminspect_20181210\pminspect\x64\debug\dialogdispmain.obj
c:\pminspect_20181210\pminspect\x64\debug\dialogmessagebox.obj
c:\pminspect_20181210\pminspect\x64\debug\dialogmodel.obj
c:\pminspect_20181210\pminspect\x64\debug\dialogmotion.obj
c:\pminspect_20181210\pminspect\x64\debug\dialognumber_box.obj
c:\pminspect_20181210\pminspect\x64\debug\dialogresultview.obj
c:\pminspect_20181210\pminspect\x64\debug\dialogsystem.obj
c:\pminspect_20181210\pminspect\x64\debug\dialogteach.obj
c:\pminspect_20181210\pminspect\x64\debug\dialogteachalign.obj
c:\pminspect_20181210\pminspect\x64\debug\dlgresultlist.obj
c:\pminspect_20181210\pminspect\x64\debug\btnenhctrl.obj
c:\pminspect_20181210\pminspect\x64\debug\atfctrl.obj
c:\pminspect_20181210\x64\debug\pminspect.ilk
c:\pminspect_20181210\x64\debug\pminspect.exe
c:\pminspect_20181210\x64\debug\pminspect.pdb
c:\pminspect_20181210\x64\debug\pminspect.lib
c:\pminspect_20181210\x64\debug\pminspect.exp
c:\pminspect_20181210\pminspect\x64\debug\pminspect.res
c:\pminspect_20181210\pminspect\x64\debug\atfctrl.obj.enc
c:\pminspect_20181210\pminspect\x64\debug\dialogdispmain.obj.enc
c:\pminspect_20181210\pminspect\x64\debug\visionmodule.obj.enc
c:\pminspect_20181210\pminspect\x64\debug\pminspect.tlog\cl.command.1.tlog
c:\pminspect_20181210\pminspect\x64\debug\pminspect.tlog\cl.read.1.tlog
c:\pminspect_20181210\pminspect\x64\debug\pminspect.tlog\cl.write.1.tlog
c:\pminspect_20181210\pminspect\x64\debug\pminspect.tlog\link.command.1.tlog
c:\pminspect_20181210\pminspect\x64\debug\pminspect.tlog\link.read.1.tlog
c:\pminspect_20181210\pminspect\x64\debug\pminspect.tlog\link.write.1.tlog
c:\pminspect_20181210\pminspect\x64\debug\pminspect.tlog\pminspect.write.1u.tlog
c:\pminspect_20181210\pminspect\x64\debug\pminspect.tlog\rc.command.1.tlog
c:\pminspect_20181210\pminspect\x64\debug\pminspect.tlog\rc.read.1.tlog
c:\pminspect_20181210\pminspect\x64\debug\pminspect.tlog\rc.write.1.tlog
